<?xml version="1.0" encoding="UTF-8"?>
<!-- Generated by org.testng.reporters.JUnitXMLReporter -->
<testsuite hostname="admin106-desktop" ignored="4" name="Test" tests="6" failures="0" timestamp="18 Feb 2020 09:19:18 GMT" time="17.701" errors="0">
  <testcase name="loginTest" time="4.38" classname="com.bridgelabz.testcases.loginTest"/>
  <testcase name="AddCustomer" time="5.969" classname="com.bridgelabz.testcases.AddCustomer"/>
  <testcase name="AddCustomer" time="2.459" classname="com.bridgelabz.testcases.AddCustomer"/>
  <testcase name="AddCustomer" time="2.387" classname="com.bridgelabz.testcases.AddCustomer"/>
  <testcase name="openAccount" time="0.77" classname="com.bridgelabz.testcases.openAccount"/>
  <testcase name="openAccount" time="0.825" classname="com.bridgelabz.testcases.openAccount"/>
  <testcase name="@BeforeSuite setUp" time="0.0" classname="com.bridgelabz.base.TestBase">
    <ignored/>
  </testcase> <!-- @BeforeSuite setUp -->
  <testcase name="@BeforeSuite setUp" time="0.0" classname="com.bridgelabz.base.TestBase">
    <ignored/>
  </testcase> <!-- @BeforeSuite setUp -->
  <testcase name="@AfterSuite TearDown" time="0.0" classname="com.bridgelabz.base.TestBase">
    <ignored/>
  </testcase> <!-- @AfterSuite TearDown -->
  <testcase name="@AfterSuite TearDown" time="0.0" classname="com.bridgelabz.base.TestBase">
    <ignored/>
  </testcase> <!-- @AfterSuite TearDown -->
</testsuite> <!-- Test -->
