<?xml version="1.0" encoding="UTF-8"?>
<testsuite xmlns:xsi="http://www.w3.org/2001/XMLSchema-instance" xsi:noNamespaceSchemaLocation="https://maven.apache.org/surefire/maven-surefire-plugin/xsd/surefire-test-report.xsd" name="TestSuite" time="75.622" tests="6" errors="0" skipped="0" failures="0">
  <properties>
[...]
</properties>
  <testcase name="loginTest" classname="com.bridgelabz.testcases.loginTest" time="4.433"/>
  <testcase name="AddCustomer" classname="com.bridgelabz.testcases.AddCustomer" time="5.965"/>
  <testcase name="AddCustomer" classname="com.bridgelabz.testcases.AddCustomer" time="2.46"/>
  <testcase name="AddCustomer" classname="com.bridgelabz.testcases.AddCustomer" time="2.386"/>
  <testcase name="openAccount" classname="com.bridgelabz.testcases.openAccount" time="0.77"/>
  <testcase name="openAccount" classname="com.bridgelabz.testcases.openAccount" time="0.824"/>
</testsuite>