<?xml version="1.0" encoding="UTF-8"?>
<testng-results skipped="0" failed="0" ignored="4" total="10" passed="6">
  <reporter-output>
  </reporter-output>
  <suite name="data driven basics" duration-ms="17701" started-at="2020-02-18T09:19:00Z" finished-at="2020-02-18T09:19:18Z">
    <groups>
    </groups>
    <test name="Test" duration-ms="17701" started-at="2020-02-18T09:19:00Z" finished-at="2020-02-18T09:19:18Z">
      <class name="com.bridgelabz.testcases.openAccount">
        <test-method status="PASS" signature="openAccount(java.util.Hashtable)[pri:0, instance:com.bridgelabz.testcases.openAccount@140c9f39]" name="openAccount" duration-ms="770" started-at="2020-02-18T09:19:16Z" data-provider="dp" finished-at="2020-02-18T09:19:17Z">
          <params>
            <param index="0">
              <value>
                <![CDATA[{Currency=Rupee, Customer=Harry Potter}]]>
              </value>
            </param>
          </params>
          <reporter-output>
          </reporter-output>
        </test-method> <!-- openAccount -->
        <test-method status="PASS" signature="openAccount(java.util.Hashtable)[pri:0, instance:com.bridgelabz.testcases.openAccount@140c9f39]" name="openAccount" duration-ms="825" started-at="2020-02-18T09:19:17Z" data-provider="dp" finished-at="2020-02-18T09:19:18Z">
          <params>
            <param index="0">
              <value>
                <![CDATA[{Currency=Rupee, Customer=Ron Weasly}]]>
              </value>
            </param>
          </params>
          <reporter-output>
          </reporter-output>
        </test-method> <!-- openAccount -->
      </class> <!-- com.bridgelabz.testcases.openAccount -->
      <class name="com.bridgelabz.testcases.loginTest">
        <test-method status="PASS" signature="setUp()[pri:0, instance:com.bridgelabz.testcases.loginTest@19d481b]" name="setUp" is-config="true" duration-ms="44971" started-at="2020-02-18T09:18:15Z" finished-at="2020-02-18T09:19:00Z">
          <reporter-output>
          </reporter-output>
        </test-method> <!-- setUp -->
        <test-method status="PASS" signature="loginTest()[pri:0, instance:com.bridgelabz.testcases.loginTest@19d481b]" name="loginTest" duration-ms="4380" started-at="2020-02-18T09:19:00Z" finished-at="2020-02-18T09:19:04Z">
          <reporter-output>
          </reporter-output>
        </test-method> <!-- loginTest -->
        <test-method status="PASS" signature="TearDown()[pri:0, instance:com.bridgelabz.testcases.loginTest@19d481b]" name="TearDown" is-config="true" duration-ms="5376" started-at="2020-02-18T09:19:18Z" finished-at="2020-02-18T09:19:23Z">
          <reporter-output>
          </reporter-output>
        </test-method> <!-- TearDown -->
      </class> <!-- com.bridgelabz.testcases.loginTest -->
      <class name="com.bridgelabz.testcases.AddCustomer">
        <test-method status="PASS" signature="AddCustomer(java.util.Hashtable)[pri:0, instance:com.bridgelabz.testcases.AddCustomer@1f97cf0d]" name="AddCustomer" duration-ms="5969" started-at="2020-02-18T09:19:05Z" data-provider="dp" finished-at="2020-02-18T09:19:11Z">
          <params>
            <param index="0">
              <value>
                <![CDATA[{alerttext=Customer added successfully, postcode=A345689, lastname=rtd, runmode=y, firstname=abc}]]>
              </value>
            </param>
          </params>
          <reporter-output>
          </reporter-output>
        </test-method> <!-- AddCustomer -->
        <test-method status="PASS" signature="AddCustomer(java.util.Hashtable)[pri:0, instance:com.bridgelabz.testcases.AddCustomer@1f97cf0d]" name="AddCustomer" duration-ms="2459" started-at="2020-02-18T09:19:11Z" data-provider="dp" finished-at="2020-02-18T09:19:14Z">
          <params>
            <param index="0">
              <value>
                <![CDATA[{alerttext=, postcode=3456789.0, lastname=sarda, runmode=y, firstname=shruti}]]>
              </value>
            </param>
          </params>
          <reporter-output>
          </reporter-output>
        </test-method> <!-- AddCustomer -->
        <test-method status="PASS" signature="AddCustomer(java.util.Hashtable)[pri:0, instance:com.bridgelabz.testcases.AddCustomer@1f97cf0d]" name="AddCustomer" duration-ms="2387" started-at="2020-02-18T09:19:14Z" data-provider="dp" finished-at="2020-02-18T09:19:16Z">
          <params>
            <param index="0">
              <value>
                <![CDATA[{alerttext=, postcode=877665.0, lastname=patil, runmode=N, firstname=harshu}]]>
              </value>
            </param>
          </params>
          <reporter-output>
          </reporter-output>
        </test-method> <!-- AddCustomer -->
      </class> <!-- com.bridgelabz.testcases.AddCustomer -->
    </test> <!-- Test -->
  </suite> <!-- data driven basics -->
</testng-results>
