<?xml version="1.0" encoding="UTF-8"?>
<!-- Generated by org.testng.reporters.JUnitXMLReporter -->
<testsuite hostname="lap0002960" ignored="4" name="Test" tests="6" failures="0" timestamp="23 Sep 2019 11:51:09 GMT" time="24.24" errors="0">
  <testcase name="loginTest" time="9.736" classname="com.w2a.testcases.loginTest"/>
  <testcase name="AddCustomer" time="9.784" classname="com.w2a.testcases.AddCustomer"/>
  <testcase name="AddCustomer" time="2.432" classname="com.w2a.testcases.AddCustomer"/>
  <testcase name="AddCustomer" time="0.002" classname="com.w2a.testcases.AddCustomer">
    <skipped/>
  </testcase> <!-- AddCustomer -->
  <testcase name="openAccount" time="0.757" classname="com.w2a.testcases.openAccount"/>
  <testcase name="openAccount" time="0.938" classname="com.w2a.testcases.openAccount"/>
  <testcase name="@AfterSuite TearDown" time="0.0" classname="com.w2a.base.TestBase">
    <ignored/>
  </testcase> <!-- @AfterSuite TearDown -->
  <testcase name="@AfterSuite TearDown" time="0.0" classname="com.w2a.base.TestBase">
    <ignored/>
  </testcase> <!-- @AfterSuite TearDown -->
  <testcase name="@BeforeSuite setUp" time="0.0" classname="com.w2a.base.TestBase">
    <ignored/>
  </testcase> <!-- @BeforeSuite setUp -->
  <testcase name="@BeforeSuite setUp" time="0.0" classname="com.w2a.base.TestBase">
    <ignored/>
  </testcase> <!-- @BeforeSuite setUp -->
</testsuite> <!-- Test -->
