<?xml version="1.0" encoding="UTF-8"?>
<testsuite name="Test"
           tests="3"
           failures="0"
           errors="0"
           skipped="1"
           time="12.218">
  <properties />
  
            <testcase name="AddCustomer" time="0.0" classname="com.w2a.testcases.AddCustomer">
          <skipped />
    </testcase>
  
            <testcase name="AddCustomer" time="2.432" classname="com.w2a.testcases.AddCustomer" />
                <testcase name="AddCustomer" time="9.784" classname="com.w2a.testcases.AddCustomer" />
      
</testsuite>
