<?xml version="1.0" encoding="UTF-8"?>
<testsuite name="Test"
           tests="3"
           failures="0"
           errors="0"
           skipped="0"
           time="7.185">
  <properties />
  
  
            <testcase name="AddCustomer" time="2.403" classname="com.bridgelabz.testcases.AddCustomer" />
                <testcase name="AddCustomer" time="2.355" classname="com.bridgelabz.testcases.AddCustomer" />
                <testcase name="AddCustomer" time="2.427" classname="com.bridgelabz.testcases.AddCustomer" />
      
</testsuite>
