<?xml version="1.0" encoding="UTF-8"?>
<testng-results skipped="1" failed="0" ignored="4" total="10" passed="5">
  <reporter-output>
  </reporter-output>
  <suite name="data driven basics" duration-ms="24240" started-at="2019-09-23T11:50:45Z" finished-at="2019-09-23T11:51:09Z">
    <groups>
    </groups>
    <test name="Test" duration-ms="24240" started-at="2019-09-23T11:50:45Z" finished-at="2019-09-23T11:51:09Z">
      <class name="com.w2a.testcases.openAccount">
        <test-method status="PASS" signature="openAccount(java.util.Hashtable)[pri:0, instance:com.w2a.testcases.openAccount@7b36aa0c]" name="openAccount" duration-ms="757" started-at="2019-09-23T11:51:08Z" data-provider="dp" finished-at="2019-09-23T11:51:08Z">
          <params>
            <param index="0">
              <value>
                <![CDATA[{Currency=Rupee, Customer=Harry Potter}]]>
              </value>
            </param>
          </params>
          <reporter-output>
          </reporter-output>
        </test-method> <!-- openAccount -->
        <test-method status="PASS" signature="openAccount(java.util.Hashtable)[pri:0, instance:com.w2a.testcases.openAccount@7b36aa0c]" name="openAccount" duration-ms="938" started-at="2019-09-23T11:51:08Z" data-provider="dp" finished-at="2019-09-23T11:51:09Z">
          <params>
            <param index="0">
              <value>
                <![CDATA[{Currency=Rupee, Customer=Ron Weasly}]]>
              </value>
            </param>
          </params>
          <reporter-output>
          </reporter-output>
        </test-method> <!-- openAccount -->
      </class> <!-- com.w2a.testcases.openAccount -->
      <class name="com.w2a.testcases.AddCustomer">
        <test-method status="PASS" signature="AddCustomer(java.util.Hashtable)[pri:0, instance:com.w2a.testcases.AddCustomer@25641d39]" name="AddCustomer" duration-ms="9784" started-at="2019-09-23T11:50:55Z" data-provider="dp" finished-at="2019-09-23T11:51:05Z">
          <params>
            <param index="0">
              <value>
                <![CDATA[{alerttext=Customer added successfully, postcode=A345689, lastname=rtd, runmode=y, firstname=abc}]]>
              </value>
            </param>
          </params>
          <reporter-output>
          </reporter-output>
        </test-method> <!-- AddCustomer -->
        <test-method status="PASS" signature="AddCustomer(java.util.Hashtable)[pri:0, instance:com.w2a.testcases.AddCustomer@25641d39]" name="AddCustomer" duration-ms="2432" started-at="2019-09-23T11:51:05Z" data-provider="dp" finished-at="2019-09-23T11:51:07Z">
          <params>
            <param index="0">
              <value>
                <![CDATA[{alerttext=, postcode=3456789.0, lastname=sarda, runmode=y, firstname=shruti}]]>
              </value>
            </param>
          </params>
          <reporter-output>
          </reporter-output>
        </test-method> <!-- AddCustomer -->
        <test-method status="SKIP" signature="AddCustomer(java.util.Hashtable)[pri:0, instance:com.w2a.testcases.AddCustomer@25641d39]" name="AddCustomer" duration-ms="2" started-at="2019-09-23T11:51:08Z" data-provider="dp" finished-at="2019-09-23T11:51:08Z">
          <params>
            <param index="0">
              <value>
                <![CDATA[{alerttext=, postcode=877665.0, lastname=patil, runmode=N, firstname=harshu}]]>
              </value>
            </param>
          </params>
          <exception class="org.testng.SkipException">
            <message>
              <![CDATA[Skipping the test case as the Run mode for data set is NO]]>
            </message>
            <full-stacktrace>
              <![CDATA[org.testng.SkipException: Skipping the test case as the Run mode for data set is NO
at com.w2a.testcases.AddCustomer.AddCustomer(AddCustomer.java:21)
at sun.reflect.NativeMethodAccessorImpl.invoke0(Native Method)
at sun.reflect.NativeMethodAccessorImpl.invoke(NativeMethodAccessorImpl.java:62)
at sun.reflect.DelegatingMethodAccessorImpl.invoke(DelegatingMethodAccessorImpl.java:43)
at java.lang.reflect.Method.invoke(Method.java:498)
at org.testng.internal.MethodInvocationHelper.invokeMethod(MethodInvocationHelper.java:124)
at org.testng.internal.Invoker.invokeMethod(Invoker.java:583)
at org.testng.internal.Invoker.invokeTestMethod(Invoker.java:719)
at org.testng.internal.Invoker.invokeTestMethods(Invoker.java:989)
at org.testng.internal.TestMethodWorker.invokeTestMethods(TestMethodWorker.java:125)
at org.testng.internal.TestMethodWorker.run(TestMethodWorker.java:109)
at org.testng.TestRunner.privateRun(TestRunner.java:648)
at org.testng.TestRunner.run(TestRunner.java:505)
at org.testng.SuiteRunner.runTest(SuiteRunner.java:455)
at org.testng.SuiteRunner.runSequentially(SuiteRunner.java:450)
at org.testng.SuiteRunner.privateRun(SuiteRunner.java:415)
at org.testng.SuiteRunner.run(SuiteRunner.java:364)
at org.testng.SuiteRunnerWorker.runSuite(SuiteRunnerWorker.java:52)
at org.testng.SuiteRunnerWorker.run(SuiteRunnerWorker.java:84)
at org.testng.TestNG.runSuitesSequentially(TestNG.java:1208)
at org.testng.TestNG.runSuitesLocally(TestNG.java:1137)
at org.testng.TestNG.runSuites(TestNG.java:1049)
at org.testng.TestNG.run(TestNG.java:1017)
at org.testng.remote.AbstractRemoteTestNG.run(AbstractRemoteTestNG.java:114)
at org.testng.remote.RemoteTestNG.initAndRun(RemoteTestNG.java:251)
at org.testng.remote.RemoteTestNG.main(RemoteTestNG.java:77)
]]>
            </full-stacktrace>
          </exception> <!-- org.testng.SkipException -->
          <reporter-output>
          </reporter-output>
        </test-method> <!-- AddCustomer -->
      </class> <!-- com.w2a.testcases.AddCustomer -->
      <class name="com.w2a.testcases.loginTest">
        <test-method status="PASS" signature="setUp()[pri:0, instance:com.w2a.testcases.loginTest@4a883b15]" name="setUp" is-config="true" duration-ms="16015" started-at="2019-09-23T11:50:29Z" finished-at="2019-09-23T11:50:45Z">
          <reporter-output>
          </reporter-output>
        </test-method> <!-- setUp -->
        <test-method status="PASS" signature="loginTest()[pri:0, instance:com.w2a.testcases.loginTest@4a883b15]" name="loginTest" duration-ms="9736" started-at="2019-09-23T11:50:45Z" finished-at="2019-09-23T11:50:55Z">
          <reporter-output>
          </reporter-output>
        </test-method> <!-- loginTest -->
        <test-method status="PASS" signature="TearDown()[pri:0, instance:com.w2a.testcases.loginTest@4a883b15]" name="TearDown" is-config="true" duration-ms="738" started-at="2019-09-23T11:51:09Z" finished-at="2019-09-23T11:51:10Z">
          <reporter-output>
          </reporter-output>
        </test-method> <!-- TearDown -->
      </class> <!-- com.w2a.testcases.loginTest -->
    </test> <!-- Test -->
  </suite> <!-- data driven basics -->
</testng-results>
